Information: Updating design information... (UID-85)
Warning: Design 'MyDesign' contains 1 high-fanout nets. A fanout number of 1000 will be used for delay calculations involving these nets. (TIM-134)
 
****************************************
Report : timing
        -path full
        -delay min
        -max_paths 1
Design : MyDesign
Version: T-2022.03-SP4
Date   : Mon Dec  4 12:07:51 2023
****************************************

 # A fanout number of 1000 was used for high fanout net computations.

Operating Conditions: fast   Library: NangateOpenCellLibrary_PDKv1_2_v2008_10_fast_nldm
Wire Load Model Mode: top

  Startpoint: scratchpad_address_counter_reg[15]
              (rising edge-triggered flip-flop clocked by clk)
  Endpoint: scratchpad_address_counter_reg[15]
            (rising edge-triggered flip-flop clocked by clk)
  Path Group: clk
  Path Type: min

  Point                                                   Incr       Path
  --------------------------------------------------------------------------
  clock clk (rise edge)                                 0.0000     0.0000
  clock network delay (ideal)                           0.0000     0.0000
  scratchpad_address_counter_reg[15]/CK (DFF_X1)        0.0000 #   0.0000 r
  scratchpad_address_counter_reg[15]/Q (DFF_X1)         0.0513     0.0513 r
  U60097/ZN (AOI22_X1)                                  0.0166     0.0680 f
  scratchpad_address_counter_reg[15]/D (DFF_X1)         0.0000     0.0680 f
  data arrival time                                                0.0680

  clock clk (rise edge)                                 0.0000     0.0000
  clock network delay (ideal)                           0.0000     0.0000
  clock uncertainty                                     0.0500     0.0500
  scratchpad_address_counter_reg[15]/CK (DFF_X1)        0.0000     0.0500 r
  library hold time                                     0.0004     0.0504
  data required time                                               0.0504
  --------------------------------------------------------------------------
  data required time                                               0.0504
  data arrival time                                               -0.0680
  --------------------------------------------------------------------------
  slack (MET)                                                      0.0176


1
