 
****************************************
Report : timing
        -path full
        -delay max
        -max_paths 1
Design : MyDesign
Version: T-2022.03-SP4
Date   : Mon Dec  4 12:08:14 2023
****************************************

 # A fanout number of 1000 was used for high fanout net computations.

Operating Conditions: slow   Library: NangateOpenCellLibrary_PDKv1_2_v2008_10_slow_nldm
Wire Load Model Mode: top

  Startpoint: q_states_count_reg[5]
              (rising edge-triggered flip-flop clocked by clk)
  Endpoint: matrix_read_complete_reg
            (rising edge-triggered flip-flop clocked by clk)
  Path Group: clk
  Path Type: max

  Point                                    Incr       Path
  -----------------------------------------------------------
  clock clk (rise edge)                  0.0000     0.0000
  clock network delay (ideal)            0.0000     0.0000
  q_states_count_reg[5]/CK (DFF_X2)      0.0000 #   0.0000 r
  q_states_count_reg[5]/QN (DFF_X2)      0.4108     0.4108 r
  U3937/ZN (INV_X4)                      0.0547     0.4655 f
  U3936/ZN (INV_X8)                      0.1995     0.6650 r
  U13302/ZN (OR2_X1)                     0.2746     0.9396 r
  U3905/ZN (XNOR2_X2)                    0.3233     1.2629 r
  U32611/S (FA_X1)                       0.6892     1.9521 f
  U4442/ZN (OR2_X1)                      0.2425     2.1946 f
  U11242/ZN (NAND2_X1)                   0.2072     2.4017 r
  U3966/ZN (XNOR2_X2)                    0.3047     2.7065 r
  U3108/Z (BUF_X4)                       0.2780     2.9845 r
  U3967/ZN (INV_X1)                      0.0638     3.0483 f
  U11245/ZN (NAND2_X1)                   0.1284     3.1767 r
  U12420/ZN (NAND2_X1)                   0.0826     3.2592 f
  U6829/ZN (NAND2_X1)                    0.1824     3.4417 r
  U6817/ZN (NAND2_X1)                    0.0912     3.5328 f
  U6792/ZN (NAND2_X1)                    0.1319     3.6648 r
  U6776/ZN (NAND2_X1)                    0.0945     3.7593 f
  U6769/ZN (NAND2_X1)                    0.2034     3.9627 r
  U6755/ZN (NAND2_X1)                    0.1106     4.0733 f
  U6729/ZN (NAND2_X1)                    0.1192     4.1925 r
  U6721/ZN (NAND2_X1)                    0.0943     4.2868 f
  U6693/ZN (NAND2_X1)                    0.2324     4.5192 r
  U33596/ZN (OAI21_X1)                   0.1266     4.6458 f
  U6674/ZN (NAND2_X1)                    0.2788     4.9246 r
  U6657/ZN (NAND2_X1)                    0.1258     5.0504 f
  U3833/ZN (NAND2_X2)                    0.1053     5.1558 r
  U3832/ZN (NAND2_X2)                    0.0857     5.2415 f
  U3960/ZN (OAI211_X4)                   0.2107     5.4522 r
  U3959/ZN (AOI21_X4)                    0.1039     5.5561 f
  U10554/ZN (NAND2_X1)                   0.1151     5.6712 r
  U6589/ZN (NAND2_X1)                    0.0943     5.7654 f
  U10553/ZN (NAND2_X1)                   0.1410     5.9064 r
  U6570/ZN (NAND2_X1)                    0.0953     6.0017 f
  U6566/ZN (NAND2_X1)                    0.2396     6.2414 r
  U6559/ZN (OAI21_X1)                    0.1190     6.3604 f
  U6556/ZN (NAND2_X1)                    0.2248     6.5853 r
  U3855/ZN (XNOR2_X2)                    0.1657     6.7509 f
  U6530/ZN (AND3_X2)                     0.2873     7.0382 f
  U3970/ZN (AND4_X4)                     0.4087     7.4469 f
  U6427/ZN (AND3_X2)                     0.2082     7.6551 f
  U6395/ZN (NAND2_X1)                    0.1985     7.8536 r
  U3913/ZN (NAND2_X4)                    0.1182     7.9719 f
  U6372/ZN (NAND2_X1)                    0.1327     8.1046 r
  U6364/ZN (NOR2_X1)                     0.0737     8.1783 f
  U6353/ZN (NOR2_X1)                     0.1867     8.3650 r
  U3799/ZN (NAND3_X2)                    0.1215     8.4865 f
  U3797/ZN (INV_X4)                      0.0905     8.5770 r
  U3912/ZN (NAND2_X2)                    0.0579     8.6350 f
  U3911/ZN (OAI22_X2)                    0.2627     8.8977 r
  U3808/ZN (NAND2_X2)                    0.0898     8.9875 f
  U3681/ZN (NAND3_X2)                    0.1176     9.1050 r
  U3708/ZN (NAND2_X2)                    0.0740     9.1790 f
  U6309/ZN (NOR2_X2)                     0.1748     9.3538 r
  U7389/ZN (NAND2_X2)                    0.0940     9.4477 f
  U3740/ZN (NAND2_X2)                    0.1351     9.5828 r
  U3739/ZN (INV_X4)                      0.0387     9.6215 f
  U6303/ZN (NAND2_X1)                    0.1849     9.8064 r
  U6300/ZN (NOR2_X1)                     0.1001     9.9065 f
  U6292/ZN (NOR2_X2)                     0.2227    10.1292 r
  U6282/ZN (INV_X2)                      0.0701    10.1993 f
  U6274/ZN (NAND2_X1)                    0.1512    10.3506 r
  U4277/ZN (AND2_X1)                     0.2514    10.6019 r
  U3491/ZN (NAND3_X2)                    0.0750    10.6769 f
  U6250/ZN (NAND3_X1)                    0.1207    10.7976 r
  U6246/ZN (NAND2_X1)                    0.0851    10.8827 f
  U6243/ZN (NAND2_X1)                    0.1080    10.9906 r
  U6236/ZN (NAND2_X1)                    0.0840    11.0747 f
  U3812/ZN (NAND2_X2)                    0.1096    11.1843 r
  U3811/ZN (NAND3_X2)                    0.0941    11.2784 f
  U6229/ZN (INV_X2)                      0.0784    11.3568 r
  U6227/ZN (NAND2_X1)                    0.0669    11.4237 f
  U6209/ZN (INV_X2)                      0.1265    11.5503 r
  U6204/ZN (NAND2_X1)                    0.0872    11.6374 f
  U6199/ZN (NAND4_X1)                    0.3597    11.9971 r
  U33827/ZN (NAND2_X1)                   0.1455    12.1425 f
  U33829/ZN (NAND2_X1)                   0.1587    12.3012 r
  U6166/ZN (NOR2_X1)                     0.0934    12.3946 f
  U6161/ZN (NAND2_X1)                    0.1694    12.5640 r
  U3513/ZN (NAND3_X2)                    0.0949    12.6589 f
  U6139/ZN (NAND2_X1)                    0.1002    12.7591 r
  U6132/ZN (NAND2_X1)                    0.0777    12.8368 f
  U6127/ZN (NAND2_X1)                    0.1268    12.9636 r
  U6120/ZN (NAND2_X2)                    0.1050    13.0686 f
  U6111/ZN (NAND2_X1)                    0.2305    13.2991 r
  U7869/ZN (NOR2_X1)                     0.0925    13.3916 f
  U6097/ZN (NOR2_X1)                     0.1958    13.5874 r
  U3559/ZN (NAND3_X2)                    0.1179    13.7053 f
  U6078/ZN (INV_X2)                      0.1108    13.8161 r
  U6051/ZN (NAND2_X1)                    0.0708    13.8869 f
  U6033/ZN (NAND2_X1)                    0.2204    14.1073 r
  U6028/ZN (NAND2_X1)                    0.0889    14.1962 f
  U7380/ZN (AND3_X2)                     0.2211    14.4172 f
  U5987/ZN (NAND3_X1)                    0.2138    14.6310 r
  U5970/ZN (NAND3_X1)                    0.0943    14.7253 f
  U5956/ZN (NAND2_X1)                    0.1563    14.8815 r
  U7280/ZN (NAND2_X2)                    0.1252    15.0068 f
  U7232/ZN (NAND2_X2)                    0.2158    15.2226 r
  U34041/ZN (NOR2_X1)                    0.0882    15.3108 f
  U5900/ZN (NOR2_X1)                     0.2474    15.5582 r
  U10845/ZN (NAND3_X2)                   0.1255    15.6837 f
  U5869/ZN (INV_X1)                      0.1227    15.8063 r
  U10152/ZN (NAND2_X1)                   0.0961    15.9024 f
  U3538/ZN (INV_X4)                      0.0703    15.9727 r
  U34096/ZN (NAND2_X1)                   0.0492    16.0219 f
  U10091/ZN (NAND2_X1)                   0.1473    16.1692 r
  U5807/ZN (NAND2_X1)                    0.1123    16.2814 f
  U10460/ZN (NAND3_X2)                   0.2118    16.4933 r
  U3707/ZN (NAND3_X2)                    0.0807    16.5739 f
  U5775/ZN (NAND3_X1)                    0.1562    16.7301 r
  U3724/ZN (NAND3_X2)                    0.1089    16.8390 f
  U3723/ZN (NAND2_X4)                    0.1646    17.0036 r
  U3825/ZN (INV_X4)                      0.0519    17.0555 f
  U7451/ZN (NAND2_X2)                    0.1283    17.1838 r
  U7269/ZN (INV_X4)                      0.0684    17.2521 f
  U34232/ZN (NAND2_X1)                   0.1186    17.3707 r
  U10680/ZN (NAND2_X2)                   0.0764    17.4471 f
  U5722/ZN (INV_X1)                      0.0787    17.5259 r
  U3141/ZN (NAND3_X1)                    0.1068    17.6327 f
  U3134/ZN (INV_X1)                      0.1485    17.7812 r
  U34292/ZN (AND2_X2)                    0.1669    17.9481 r
  U34293/ZN (NAND2_X1)                   0.0598    18.0079 f
  U13385/ZN (NAND2_X1)                   0.1237    18.1317 r
  U34295/ZN (NAND2_X1)                   0.0815    18.2132 f
  U34298/ZN (NAND2_X1)                   0.1057    18.3190 r
  U5647/ZN (NAND2_X1)                    0.0839    18.4029 f
  U10476/ZN (NAND3_X2)                   0.1906    18.5935 r
  U7283/ZN (NAND3_X2)                    0.1000    18.6935 f
  U7282/ZN (NAND2_X2)                    0.1799    18.8734 r
  U7281/ZN (INV_X4)                      0.0631    18.9365 f
  U10692/ZN (NAND2_X2)                   0.1277    19.0642 r
  U10578/ZN (INV_X4)                     0.0761    19.1402 f
  U8174/ZN (NAND2_X1)                    0.1286    19.2688 r
  U7611/ZN (NAND4_X2)                    0.1349    19.4037 f
  U5494/ZN (INV_X2)                      0.1256    19.5293 r
  U10202/ZN (NAND2_X1)                   0.0915    19.6209 f
  U3537/ZN (OAI21_X1)                    0.3707    19.9916 r
  U10525/ZN (NAND2_X2)                   0.0780    20.0695 f
  U10523/ZN (AND3_X2)                    0.2277    20.2972 f
  U7645/ZN (OAI21_X2)                    0.2143    20.5115 r
  U3791/ZN (AOI21_X4)                    0.1290    20.6405 f
  U3790/ZN (OAI21_X4)                    0.2053    20.8458 r
  U34545/ZN (OAI21_X1)                   0.1179    20.9637 f
  U7191/ZN (INV_X2)                      0.1123    21.0760 r
  U7189/ZN (NAND2_X2)                    0.0776    21.1536 f
  U7187/ZN (NAND2_X2)                    0.2631    21.4168 r
  U7186/ZN (NOR2_X1)                     0.0989    21.5157 f
  U10490/ZN (NOR2_X1)                    0.2091    21.7247 r
  U5128/ZN (AND3_X2)                     0.2760    22.0008 r
  U8906/ZN (NOR2_X1)                     0.0957    22.0964 f
  U34855/ZN (NOR2_X1)                    0.2418    22.3382 r
  U34856/ZN (NAND2_X1)                   0.1286    22.4668 f
  U3783/ZN (OAI21_X2)                    0.2673    22.7341 r
  U3782/ZN (NAND2_X2)                    0.0900    22.8241 f
  U5025/ZN (NAND3_X1)                    0.1361    22.9602 r
  U5013/ZN (INV_X2)                      0.0887    23.0489 f
  U7183/ZN (NAND2_X2)                    0.0932    23.1421 r
  U7182/ZN (NAND3_X2)                    0.0986    23.2407 f
  U10385/ZN (NAND2_X4)                   0.1595    23.4002 r
  U3597/ZN (INV_X4)                      0.0653    23.4654 f
  U7253/ZN (NAND2_X4)                    0.1864    23.6519 r
  U7238/ZN (INV_X4)                      0.0685    23.7204 f
  U7797/ZN (NAND2_X1)                    0.1402    23.8605 r
  U7299/ZN (NAND4_X2)                    0.0980    23.9585 f
  U3161/ZN (INV_X1)                      0.1900    24.1485 r
  U4965/ZN (NOR2_X1)                     0.1033    24.2518 f
  U35173/ZN (OAI21_X1)                   0.2469    24.4987 r
  U4936/ZN (AOI21_X2)                    0.1372    24.6358 f
  U3536/ZN (OAI21_X2)                    0.2595    24.8953 r
  U7292/ZN (NAND2_X2)                    0.0794    24.9747 f
  U7291/ZN (NAND2_X2)                    0.1400    25.1147 r
  U7290/ZN (NAND2_X2)                    0.0620    25.1767 f
  U7289/ZN (NAND2_X2)                    0.1272    25.3039 r
  U7454/ZN (NAND2_X2)                    0.1034    25.4072 f
  U10089/ZN (INV_X1)                     0.2243    25.6315 r
  U7597/ZN (NAND2_X2)                    0.1196    25.7512 f
  U4896/ZN (INV_X4)                      0.1744    25.9256 r
  U8916/ZN (NAND2_X1)                    0.0874    26.0130 f
  U3331/ZN (AND4_X4)                     0.4403    26.4532 f
  U7617/ZN (NAND2_X1)                    0.1363    26.5896 r
  U10691/ZN (INV_X1)                     0.0585    26.6481 f
  U4869/ZN (NOR2_X1)                     0.2195    26.8676 r
  U10401/ZN (INV_X1)                     0.0775    26.9452 f
  U4858/ZN (NAND2_X1)                    0.1048    27.0499 r
  U4851/ZN (NAND2_X1)                    0.0841    27.1341 f
  U4841/ZN (NAND2_X1)                    0.1057    27.2398 r
  U4835/ZN (NAND3_X1)                    0.1038    27.3436 f
  U4834/ZN (INV_X1)                      0.0973    27.4409 r
  U7449/ZN (NAND2_X2)                    0.0797    27.5206 f
  U7231/ZN (NAND2_X2)                    0.0923    27.6128 r
  U7230/ZN (NAND2_X2)                    0.0694    27.6822 f
  U7227/ZN (NAND3_X2)                    0.1078    27.7901 r
  U7223/ZN (NAND2_X2)                    0.1287    27.9187 f
  U7498/ZN (INV_X4)                      0.0811    27.9999 r
  U7497/ZN (NAND2_X2)                    0.0644    28.0642 f
  U4812/ZN (INV_X4)                      0.1660    28.2302 r
  U35728/ZN (NAND2_X1)                   0.0876    28.3178 f
  U4804/ZN (AND4_X2)                     0.4317    28.7495 f
  U7653/ZN (NAND2_X1)                    0.1638    28.9133 r
  U36119/ZN (OAI21_X1)                   0.1249    29.0382 f
  U3209/ZN (AOI21_X1)                    0.3710    29.4092 r
  U36120/ZN (OAI21_X1)                   0.1788    29.5880 f
  U36289/ZN (INV_X2)                     0.2099    29.7979 r
  U10516/ZN (OAI21_X2)                   0.1154    29.9133 f
  U10550/ZN (NAND2_X1)                   0.1138    30.0272 r
  U3234/ZN (NAND2_X1)                    0.0967    30.1238 f
  U7474/ZN (NAND3_X2)                    0.1412    30.2650 r
  U7472/ZN (NAND2_X4)                    0.1003    30.3654 f
  U9438/ZN (NAND2_X2)                    0.2067    30.5721 r
  U7317/ZN (INV_X8)                      0.0848    30.6569 f
  U7519/ZN (NAND2_X1)                    0.1128    30.7697 r
  U4736/ZN (AND4_X2)                     0.3257    31.0954 r
  U10072/ZN (NOR2_X1)                    0.0971    31.1925 f
  U10055/ZN (OAI21_X2)                   0.2379    31.4304 r
  U10783/ZN (NAND2_X2)                   0.0815    31.5119 f
  U10782/ZN (NAND3_X2)                   0.1436    31.6555 r
  U3220/ZN (INV_X1)                      0.0883    31.7438 f
  U7665/ZN (OAI21_X2)                    0.1816    31.9254 r
  U4691/ZN (INV_X2)                      0.0521    31.9775 f
  U10695/ZN (NAND2_X2)                   0.1381    32.1156 r
  U10717/ZN (NAND2_X2)                   0.0648    32.1804 f
  U10496/ZN (NAND2_X2)                   0.1082    32.2885 r
  U10494/ZN (OAI211_X2)                  0.1387    32.4273 f
  U7199/ZN (NAND3_X2)                    0.2893    32.7166 r
  U7264/ZN (NOR2_X4)                     0.1117    32.8283 f
  U7261/ZN (INV_X4)                      0.1948    33.0231 r
  U7856/ZN (OR2_X1)                      0.1759    33.1991 r
  U36851/ZN (AND4_X2)                    0.2999    33.4990 r
  U10104/ZN (NOR2_X1)                    0.1081    33.6071 f
  U10785/ZN (OAI21_X2)                   0.2650    33.8720 r
  U4633/ZN (NAND2_X1)                    0.0901    33.9622 f
  U4622/ZN (AND2_X2)                     0.1916    34.1538 f
  U3099/ZN (OAI21_X2)                    0.2477    34.4014 r
  U3467/ZN (INV_X4)                      0.0397    34.4411 f
  U7384/ZN (NAND2_X2)                    0.1366    34.5777 r
  U7383/ZN (NAND2_X2)                    0.0738    34.6515 f
  U7420/ZN (INV_X2)                      0.0690    34.7206 r
  U7424/ZN (NAND2_X2)                    0.0474    34.7680 f
  U7422/ZN (NAND4_X2)                    0.2541    35.0221 r
  U7421/ZN (NAND3_X4)                    0.1829    35.2051 f
  U7560/ZN (INV_X4)                      0.1125    35.3176 r
  U7558/ZN (NAND2_X4)                    0.1044    35.4220 f
  U10409/ZN (NOR2_X1)                    0.1616    35.5836 r
  U7633/ZN (NOR2_X1)                     0.0746    35.6582 f
  U4586/ZN (AND3_X2)                     0.3323    35.9905 f
  U8659/ZN (NOR2_X1)                     0.2661    36.2566 r
  U3608/ZN (OAI21_X2)                    0.1098    36.3663 f
  U9769/ZN (NAND2_X1)                    0.1833    36.5496 r
  U10598/ZN (NAND3_X2)                   0.1001    36.6497 f
  U10384/ZN (NAND2_X2)                   0.0947    36.7444 r
  U10381/ZN (NAND3_X2)                   0.0690    36.8134 f
  U10380/ZN (NAND3_X2)                   0.1033    36.9167 r
  U7562/ZN (NAND3_X2)                    0.0909    37.0075 f
  U7561/ZN (NAND2_X2)                    0.1181    37.1256 r
  U4521/ZN (INV_X2)                      0.0614    37.1871 f
  U10025/ZN (AOI21_X1)                   0.1747    37.3618 r
  U3350/ZN (NAND2_X1)                    0.1339    37.4957 f
  U10655/ZN (NAND3_X2)                   0.1055    37.6012 r
  U38088/ZN (INV_X2)                     0.0480    37.6492 f
  matrix_read_complete_reg/D (DFF_X2)    0.0000    37.6492 f
  data arrival time                                37.6492

  clock clk (rise edge)                 38.0000    38.0000
  clock network delay (ideal)            0.0000    38.0000
  clock uncertainty                     -0.0500    37.9500
  matrix_read_complete_reg/CK (DFF_X2)   0.0000    37.9500 r
  library setup time                    -0.2963    37.6537
  data required time                               37.6537
  -----------------------------------------------------------
  data required time                               37.6537
  data arrival time                               -37.6492
  -----------------------------------------------------------
  slack (MET)                                       0.0046


1
